{
  data: {
    'Employee ID': 'EMP912e48',
    Name: 'Rose Lubowitz',
    'Gross Pay': 250894,
    'Leave Days': 0,
    'Non billable hours': '208 hr',
    'Present Days': 0,
    'LWP Days': 26,
    'Last month LWP deduction': '0 (LWP days last month : 0 * 8 * Salary per hour : 1206.2211538461538)',
    'Salary Deducted': 250894,
    'Net Pay': 0,
    'Basic Pay': 250284,
    'Grade Pay': 43,
    Allowances: [
      { 'Allowance Name': 'DA', 'Allowance Amount': 122 },
      { 'Allowance Name': 'HRA', 'Allowance Amount': 122 },
      { 'Allowance Name': 'DP(A)', 'Allowance Amount': 122 },
      { 'Allowance Name': 'IR(A)', 'Allowance Amount': 122 },
      { 'Allowance Name': 'SP(A)', 'Allowance Amount': 122 }
    ],
    Deductions: [
      { 'Deduction Name': 'GPF', 'Deduction Amount': 500 },
      {
        'Deduction Name': 'EPF (12% of Basic Pay: 250284 + DA amount: 122)',
        'Deduction Amount': 2900
      },
      {
        'Deduction Name': 'PT (Basic Pay: 250284 is above 66666)',
        'Deduction Amount': 120
      },
      {
        'Deduction Name': 'ESIC (Basic Pay: 250284 * 0.0175)',
        'Deduction Amount': 550
      }
    ]
  },
  level: 'info',
  message: 'Calculated Net Pay',
  timestamp: '27/4/2024, 5:53:00 pm'
}
{
  data: {
    'Employee ID': 'EMP912e41',
    Name: 'Tiffany Ratke',
    'Gross Pay': 113565,
    'Leave Days': 0,
    'Non billable hours': '208 hr',
    'Present Days': 0,
    'LWP Days': 26,
    'Last month LWP deduction': '0 (LWP days last month : 0 * 8 * Salary per hour : 545.9855769230769)',
    'Salary Deducted': 113565,
    'Net Pay': 0,
    'Basic Pay': 112955,
    'Grade Pay': 43,
    Allowances: [
      { 'Allowance Name': 'DA', 'Allowance Amount': 122 },
      { 'Allowance Name': 'HRA', 'Allowance Amount': 122 },
      { 'Allowance Name': 'DP(A)', 'Allowance Amount': 122 },
      { 'Allowance Name': 'IR(A)', 'Allowance Amount': 122 },
      { 'Allowance Name': 'SP(A)', 'Allowance Amount': 122 }
    ],
    Deductions: [
      { 'Deduction Name': 'GPF', 'Deduction Amount': 500 },
      {
        'Deduction Name': 'EPF (12% of Basic Pay: 112955 + DA amount: 122)',
        'Deduction Amount': 2900
      },
      {
        'Deduction Name': 'PT (Basic Pay: 112955 is above 66666)',
        'Deduction Amount': 120
      },
      {
        'Deduction Name': 'ESIC (Basic Pay: 112955 * 0.0175)',
        'Deduction Amount': 550
      }
    ]
  },
  level: 'info',
  message: 'Calculated Net Pay',
  timestamp: '27/4/2024, 5:53:00 pm'
}
{
  data: {
    'Employee ID': 'EMP912e44',
    Name: 'Jordan Swift',
    'Gross Pay': 297084,
    'Leave Days': 0,
    'Non billable hours': '208 hr',
    'Present Days': 0,
    'LWP Days': 26,
    'Last month LWP deduction': '0 (LWP days last month : 0 * 8 * Salary per hour : 1428.2884615384614)',
    'Salary Deducted': 297084,
    'Net Pay': 0,
    'Basic Pay': 296474,
    'Grade Pay': 43,
    Allowances: [
      { 'Allowance Name': 'DA', 'Allowance Amount': 122 },
      { 'Allowance Name': 'HRA', 'Allowance Amount': 122 },
      { 'Allowance Name': 'DP(A)', 'Allowance Amount': 122 },
      { 'Allowance Name': 'IR(A)', 'Allowance Amount': 122 },
      { 'Allowance Name': 'SP(A)', 'Allowance Amount': 122 }
    ],
    Deductions: [
      { 'Deduction Name': 'GPF', 'Deduction Amount': 500 },
      {
        'Deduction Name': 'EPF (12% of Basic Pay: 296474 + DA amount: 122)',
        'Deduction Amount': 2900
      },
      {
        'Deduction Name': 'PT (Basic Pay: 296474 is above 66666)',
        'Deduction Amount': 120
      },
      {
        'Deduction Name': 'ESIC (Basic Pay: 296474 * 0.0175)',
        'Deduction Amount': 550
      }
    ]
  },
  level: 'info',
  message: 'Calculated Net Pay',
  timestamp: '27/4/2024, 5:53:00 pm'
}
{
  data: {
    'Employee ID': 'EMP912e45',
    Name: 'Mr. Nicholas Strosin',
    'Gross Pay': 279130,
    'Leave Days': 0,
    'Non billable hours': '208 hr',
    'Present Days': 0,
    'LWP Days': 26,
    'Last month LWP deduction': '0 (LWP days last month : 0 * 8 * Salary per hour : 1341.9711538461538)',
    'Salary Deducted': 279130,
    'Net Pay': 0,
    'Basic Pay': 278520,
    'Grade Pay': 43,
    Allowances: [
      { 'Allowance Name': 'DA', 'Allowance Amount': 122 },
      { 'Allowance Name': 'HRA', 'Allowance Amount': 122 },
      { 'Allowance Name': 'DP(A)', 'Allowance Amount': 122 },
      { 'Allowance Name': 'IR(A)', 'Allowance Amount': 122 },
      { 'Allowance Name': 'SP(A)', 'Allowance Amount': 122 }
    ],
    Deductions: [
      { 'Deduction Name': 'GPF', 'Deduction Amount': 500 },
      {
        'Deduction Name': 'EPF (12% of Basic Pay: 278520 + DA amount: 122)',
        'Deduction Amount': 2900
      },
      {
        'Deduction Name': 'PT (Basic Pay: 278520 is above 66666)',
        'Deduction Amount': 120
      },
      {
        'Deduction Name': 'ESIC (Basic Pay: 278520 * 0.0175)',
        'Deduction Amount': 550
      }
    ]
  },
  level: 'info',
  message: 'Calculated Net Pay',
  timestamp: '27/4/2024, 5:53:00 pm'
}
{
  data: {
    'Employee ID': 'EMP912e47',
    Name: 'Rudolph Medhurst',
    'Gross Pay': 157683,
    'Leave Days': 0,
    'Non billable hours': '208 hr',
    'Present Days': 0,
    'LWP Days': 26,
    'Last month LWP deduction': '0 (LWP days last month : 0 * 8 * Salary per hour : 758.0913461538462)',
    'Salary Deducted': 157683,
    'Net Pay': 0,
    'Basic Pay': 157073,
    'Grade Pay': 43,
    Allowances: [
      { 'Allowance Name': 'DA', 'Allowance Amount': 122 },
      { 'Allowance Name': 'HRA', 'Allowance Amount': 122 },
      { 'Allowance Name': 'DP(A)', 'Allowance Amount': 122 },
      { 'Allowance Name': 'IR(A)', 'Allowance Amount': 122 },
      { 'Allowance Name': 'SP(A)', 'Allowance Amount': 122 }
    ],
    Deductions: [
      { 'Deduction Name': 'GPF', 'Deduction Amount': 500 },
      {
        'Deduction Name': 'EPF (12% of Basic Pay: 157073 + DA amount: 122)',
        'Deduction Amount': 2900
      },
      {
        'Deduction Name': 'PT (Basic Pay: 157073 is above 66666)',
        'Deduction Amount': 120
      },
      {
        'Deduction Name': 'ESIC (Basic Pay: 157073 * 0.0175)',
        'Deduction Amount': 550
      }
    ]
  },
  level: 'info',
  message: 'Calculated Net Pay',
  timestamp: '27/4/2024, 5:53:00 pm'
}
{
  data: {
    'Employee ID': 'EMP912e42',
    Name: 'Elijah Parker',
    'Gross Pay': 96258,
    'Leave Days': 0,
    'Non billable hours': '208 hr',
    'Present Days': 0,
    'LWP Days': 26,
    'Last month LWP deduction': '0 (LWP days last month : 0 * 8 * Salary per hour : 462.77884615384613)',
    'Salary Deducted': 96258,
    'Net Pay': 0,
    'Basic Pay': 95648,
    'Grade Pay': 43,
    Allowances: [
      { 'Allowance Name': 'DA', 'Allowance Amount': 122 },
      { 'Allowance Name': 'HRA', 'Allowance Amount': 122 },
      { 'Allowance Name': 'DP(A)', 'Allowance Amount': 122 },
      { 'Allowance Name': 'IR(A)', 'Allowance Amount': 122 },
      { 'Allowance Name': 'SP(A)', 'Allowance Amount': 122 }
    ],
    Deductions: [
      { 'Deduction Name': 'GPF', 'Deduction Amount': 500 },
      {
        'Deduction Name': 'EPF (12% of Basic Pay: 95648 + DA amount: 122)',
        'Deduction Amount': 2900
      },
      {
        'Deduction Name': 'PT (Basic Pay: 95648 is above 66666)',
        'Deduction Amount': 120
      },
      {
        'Deduction Name': 'ESIC (Basic Pay: 95648 * 0.0175)',
        'Deduction Amount': 550
      }
    ]
  },
  level: 'info',
  message: 'Calculated Net Pay',
  timestamp: '27/4/2024, 5:53:00 pm'
}
{
  data: {
    'Employee ID': 'EMP912e43',
    Name: 'Dustin Muller PhD',
    'Gross Pay': 147595,
    'Leave Days': 0,
    'Non billable hours': '46 hr',
    'Present Days': 20.25,
    'LWP Days': 5.75,
    'Last month LWP deduction': '0 (LWP days last month : 0 * 8 * Salary per hour : 709.5913461538462)',
    'Salary Deducted': 32641,
    'Net Pay': 110883,
    'Basic Pay': 146985,
    'Grade Pay': 43,
    Allowances: [
      { 'Allowance Name': 'DA', 'Allowance Amount': 122 },
      { 'Allowance Name': 'HRA', 'Allowance Amount': 122 },
      { 'Allowance Name': 'DP(A)', 'Allowance Amount': 122 },
      { 'Allowance Name': 'IR(A)', 'Allowance Amount': 122 },
      { 'Allowance Name': 'SP(A)', 'Allowance Amount': 122 }
    ],
    Deductions: [
      { 'Deduction Name': 'GPF', 'Deduction Amount': 500 },
      {
        'Deduction Name': 'EPF (12% of Basic Pay: 146985 + DA amount: 122)',
        'Deduction Amount': 2900
      },
      {
        'Deduction Name': 'PT (Basic Pay: 146985 is above 66666)',
        'Deduction Amount': 120
      },
      {
        'Deduction Name': 'ESIC (Basic Pay: 146985 * 0.0175)',
        'Deduction Amount': 550
      }
    ]
  },
  level: 'info',
  message: 'Calculated Net Pay',
  timestamp: '27/4/2024, 5:53:00 pm'
}
{
  data: {
    'Employee ID': 'EMP912e40',
    Name: 'Raul Durgan',
    'Gross Pay': 157744,
    'Leave Days': 0,
    'Non billable hours': '208 hr',
    'Present Days': 0,
    'LWP Days': 26,
    'Last month LWP deduction': '0 (LWP days last month : 0 * 8 * Salary per hour : 758.3846153846154)',
    'Salary Deducted': 157744,
    'Net Pay': 0,
    'Basic Pay': 157134,
    'Grade Pay': 43,
    Allowances: [
      { 'Allowance Name': 'DA', 'Allowance Amount': 122 },
      { 'Allowance Name': 'HRA', 'Allowance Amount': 122 },
      { 'Allowance Name': 'DP(A)', 'Allowance Amount': 122 },
      { 'Allowance Name': 'IR(A)', 'Allowance Amount': 122 },
      { 'Allowance Name': 'SP(A)', 'Allowance Amount': 122 }
    ],
    Deductions: [
      { 'Deduction Name': 'GPF', 'Deduction Amount': 500 },
      {
        'Deduction Name': 'EPF (12% of Basic Pay: 157134 + DA amount: 122)',
        'Deduction Amount': 2900
      },
      {
        'Deduction Name': 'PT (Basic Pay: 157134 is above 66666)',
        'Deduction Amount': 120
      },
      {
        'Deduction Name': 'ESIC (Basic Pay: 157134 * 0.0175)',
        'Deduction Amount': 550
      }
    ]
  },
  level: 'info',
  message: 'Calculated Net Pay',
  timestamp: '27/4/2024, 5:53:00 pm'
}
{
  data: {
    'Employee ID': 'EMP912e46',
    Name: 'Marlene Turner',
    'Gross Pay': 82005,
    'Leave Days': 0,
    'Non billable hours': '208 hr',
    'Present Days': 0,
    'LWP Days': 26,
    'Last month LWP deduction': '0 (LWP days last month : 0 * 8 * Salary per hour : 394.2548076923077)',
    'Salary Deducted': 82005,
    'Net Pay': 0,
    'Basic Pay': 81395,
    'Grade Pay': 43,
    Allowances: [
      { 'Allowance Name': 'DA', 'Allowance Amount': 122 },
      { 'Allowance Name': 'HRA', 'Allowance Amount': 122 },
      { 'Allowance Name': 'DP(A)', 'Allowance Amount': 122 },
      { 'Allowance Name': 'IR(A)', 'Allowance Amount': 122 },
      { 'Allowance Name': 'SP(A)', 'Allowance Amount': 122 }
    ],
    Deductions: [
      { 'Deduction Name': 'GPF', 'Deduction Amount': 500 },
      {
        'Deduction Name': 'EPF (12% of Basic Pay: 81395 + DA amount: 122)',
        'Deduction Amount': 2900
      },
      {
        'Deduction Name': 'PT (Basic Pay: 81395 is above 66666)',
        'Deduction Amount': 120
      },
      {
        'Deduction Name': 'ESIC (Basic Pay: 81395 * 0.0175)',
        'Deduction Amount': 550
      }
    ]
  },
  level: 'info',
  message: 'Calculated Net Pay',
  timestamp: '27/4/2024, 5:53:00 pm'
}
{
  data: {
    'Employee ID': 'EMP912e49',
    Name: 'Timothy Von',
    'Gross Pay': 223003,
    'Leave Days': 0,
    'Non billable hours': '208 hr',
    'Present Days': 0,
    'LWP Days': 26,
    'Last month LWP deduction': '0 (LWP days last month : 0 * 8 * Salary per hour : 1072.1298076923076)',
    'Salary Deducted': 223003,
    'Net Pay': 0,
    'Basic Pay': 222393,
    'Grade Pay': 43,
    Allowances: [
      { 'Allowance Name': 'DA', 'Allowance Amount': 122 },
      { 'Allowance Name': 'HRA', 'Allowance Amount': 122 },
      { 'Allowance Name': 'DP(A)', 'Allowance Amount': 122 },
      { 'Allowance Name': 'IR(A)', 'Allowance Amount': 122 },
      { 'Allowance Name': 'SP(A)', 'Allowance Amount': 122 }
    ],
    Deductions: [
      { 'Deduction Name': 'GPF', 'Deduction Amount': 500 },
      {
        'Deduction Name': 'EPF (12% of Basic Pay: 222393 + DA amount: 122)',
        'Deduction Amount': 2900
      },
      {
        'Deduction Name': 'PT (Basic Pay: 222393 is above 66666)',
        'Deduction Amount': 120
      },
      {
        'Deduction Name': 'ESIC (Basic Pay: 222393 * 0.0175)',
        'Deduction Amount': 550
      }
    ]
  },
  level: 'info',
  message: 'Calculated Net Pay',
  timestamp: '27/4/2024, 5:53:00 pm'
}
{
  data: {
    'Employee ID': 'EMP912e48',
    Name: 'Rose Lubowitz',
    'Gross Pay': 250894,
    'Leave Days': 0,
    'Non billable hours': '208 hr',
    'Present Days': 0,
    'LWP Days': 26,
    'Last month LWP deduction': '0 (LWP days last month : 0 * 8 * Salary per hour : 1206.2211538461538)',
    'Salary Deducted': 250894,
    'Net Pay': 0,
    'Basic Pay': 250284,
    'Grade Pay': 43,
    Allowances: [
      { 'Allowance Name': 'DA', 'Allowance Amount': 122 },
      { 'Allowance Name': 'HRA', 'Allowance Amount': 122 },
      { 'Allowance Name': 'DP(A)', 'Allowance Amount': 122 },
      { 'Allowance Name': 'IR(A)', 'Allowance Amount': 122 },
      { 'Allowance Name': 'SP(A)', 'Allowance Amount': 122 }
    ],
    Deductions: [
      { 'Deduction Name': 'GPF', 'Deduction Amount': 500 },
      {
        'Deduction Name': 'EPF (12% of Basic Pay: 250284 + DA amount: 122)',
        'Deduction Amount': 2900
      },
      {
        'Deduction Name': 'PT (Basic Pay: 250284 is above 66666)',
        'Deduction Amount': 120
      },
      {
        'Deduction Name': 'ESIC (Basic Pay: 250284 * 0.0175)',
        'Deduction Amount': 550
      }
    ]
  },
  level: 'info',
  message: 'Calculated Net Pay',
  timestamp: '29/4/2024, 6:47:30 pm'
}
{
  data: {
    'Employee ID': 'EMP912e47',
    Name: 'Rudolph Medhurst',
    'Gross Pay': 157683,
    'Leave Days': 0,
    'Non billable hours': '208 hr',
    'Present Days': 0,
    'LWP Days': 26,
    'Last month LWP deduction': '0 (LWP days last month : 0 * 8 * Salary per hour : 758.0913461538462)',
    'Salary Deducted': 157683,
    'Net Pay': 0,
    'Basic Pay': 157073,
    'Grade Pay': 43,
    Allowances: [
      { 'Allowance Name': 'DA', 'Allowance Amount': 122 },
      { 'Allowance Name': 'HRA', 'Allowance Amount': 122 },
      { 'Allowance Name': 'DP(A)', 'Allowance Amount': 122 },
      { 'Allowance Name': 'IR(A)', 'Allowance Amount': 122 },
      { 'Allowance Name': 'SP(A)', 'Allowance Amount': 122 }
    ],
    Deductions: [
      { 'Deduction Name': 'GPF', 'Deduction Amount': 500 },
      {
        'Deduction Name': 'EPF (12% of Basic Pay: 157073 + DA amount: 122)',
        'Deduction Amount': 2900
      },
      {
        'Deduction Name': 'PT (Basic Pay: 157073 is above 66666)',
        'Deduction Amount': 120
      },
      {
        'Deduction Name': 'ESIC (Basic Pay: 157073 * 0.0175)',
        'Deduction Amount': 550
      }
    ]
  },
  level: 'info',
  message: 'Calculated Net Pay',
  timestamp: '29/4/2024, 6:47:30 pm'
}
{
  data: {
    'Employee ID': 'EMP912e44',
    Name: 'Jordan Swift',
    'Gross Pay': 297084,
    'Leave Days': 0,
    'Non billable hours': '208 hr',
    'Present Days': 0,
    'LWP Days': 26,
    'Last month LWP deduction': '0 (LWP days last month : 0 * 8 * Salary per hour : 1428.2884615384614)',
    'Salary Deducted': 297084,
    'Net Pay': 0,
    'Basic Pay': 296474,
    'Grade Pay': 43,
    Allowances: [
      { 'Allowance Name': 'DA', 'Allowance Amount': 122 },
      { 'Allowance Name': 'HRA', 'Allowance Amount': 122 },
      { 'Allowance Name': 'DP(A)', 'Allowance Amount': 122 },
      { 'Allowance Name': 'IR(A)', 'Allowance Amount': 122 },
      { 'Allowance Name': 'SP(A)', 'Allowance Amount': 122 }
    ],
    Deductions: [
      { 'Deduction Name': 'GPF', 'Deduction Amount': 500 },
      {
        'Deduction Name': 'EPF (12% of Basic Pay: 296474 + DA amount: 122)',
        'Deduction Amount': 2900
      },
      {
        'Deduction Name': 'PT (Basic Pay: 296474 is above 66666)',
        'Deduction Amount': 120
      },
      {
        'Deduction Name': 'ESIC (Basic Pay: 296474 * 0.0175)',
        'Deduction Amount': 550
      }
    ]
  },
  level: 'info',
  message: 'Calculated Net Pay',
  timestamp: '29/4/2024, 6:47:30 pm'
}
{
  data: {
    'Employee ID': 'EMP912e41',
    Name: 'Tiffany Ratke',
    'Gross Pay': 113565,
    'Leave Days': 0,
    'Non billable hours': '208 hr',
    'Present Days': 0,
    'LWP Days': 26,
    'Last month LWP deduction': '0 (LWP days last month : 0 * 8 * Salary per hour : 545.9855769230769)',
    'Salary Deducted': 113565,
    'Net Pay': 0,
    'Basic Pay': 112955,
    'Grade Pay': 43,
    Allowances: [
      { 'Allowance Name': 'DA', 'Allowance Amount': 122 },
      { 'Allowance Name': 'HRA', 'Allowance Amount': 122 },
      { 'Allowance Name': 'DP(A)', 'Allowance Amount': 122 },
      { 'Allowance Name': 'IR(A)', 'Allowance Amount': 122 },
      { 'Allowance Name': 'SP(A)', 'Allowance Amount': 122 }
    ],
    Deductions: [
      { 'Deduction Name': 'GPF', 'Deduction Amount': 500 },
      {
        'Deduction Name': 'EPF (12% of Basic Pay: 112955 + DA amount: 122)',
        'Deduction Amount': 2900
      },
      {
        'Deduction Name': 'PT (Basic Pay: 112955 is above 66666)',
        'Deduction Amount': 120
      },
      {
        'Deduction Name': 'ESIC (Basic Pay: 112955 * 0.0175)',
        'Deduction Amount': 550
      }
    ]
  },
  level: 'info',
  message: 'Calculated Net Pay',
  timestamp: '29/4/2024, 6:47:30 pm'
}
{
  data: {
    'Employee ID': 'EMP912e42',
    Name: 'Elijah Parker',
    'Gross Pay': 96258,
    'Leave Days': 0,
    'Non billable hours': '208 hr',
    'Present Days': 0,
    'LWP Days': 26,
    'Last month LWP deduction': '0 (LWP days last month : 0 * 8 * Salary per hour : 462.77884615384613)',
    'Salary Deducted': 96258,
    'Net Pay': 0,
    'Basic Pay': 95648,
    'Grade Pay': 43,
    Allowances: [
      { 'Allowance Name': 'DA', 'Allowance Amount': 122 },
      { 'Allowance Name': 'HRA', 'Allowance Amount': 122 },
      { 'Allowance Name': 'DP(A)', 'Allowance Amount': 122 },
      { 'Allowance Name': 'IR(A)', 'Allowance Amount': 122 },
      { 'Allowance Name': 'SP(A)', 'Allowance Amount': 122 }
    ],
    Deductions: [
      { 'Deduction Name': 'GPF', 'Deduction Amount': 500 },
      {
        'Deduction Name': 'EPF (12% of Basic Pay: 95648 + DA amount: 122)',
        'Deduction Amount': 2900
      },
      {
        'Deduction Name': 'PT (Basic Pay: 95648 is above 66666)',
        'Deduction Amount': 120
      },
      {
        'Deduction Name': 'ESIC (Basic Pay: 95648 * 0.0175)',
        'Deduction Amount': 550
      }
    ]
  },
  level: 'info',
  message: 'Calculated Net Pay',
  timestamp: '29/4/2024, 6:47:30 pm'
}
{
  data: {
    'Employee ID': 'EMP912e49',
    Name: 'Timothy Von',
    'Gross Pay': 223003,
    'Leave Days': 0,
    'Non billable hours': '208 hr',
    'Present Days': 0,
    'LWP Days': 26,
    'Last month LWP deduction': '0 (LWP days last month : 0 * 8 * Salary per hour : 1072.1298076923076)',
    'Salary Deducted': 223003,
    'Net Pay': 0,
    'Basic Pay': 222393,
    'Grade Pay': 43,
    Allowances: [
      { 'Allowance Name': 'DA', 'Allowance Amount': 122 },
      { 'Allowance Name': 'HRA', 'Allowance Amount': 122 },
      { 'Allowance Name': 'DP(A)', 'Allowance Amount': 122 },
      { 'Allowance Name': 'IR(A)', 'Allowance Amount': 122 },
      { 'Allowance Name': 'SP(A)', 'Allowance Amount': 122 }
    ],
    Deductions: [
      { 'Deduction Name': 'GPF', 'Deduction Amount': 500 },
      {
        'Deduction Name': 'EPF (12% of Basic Pay: 222393 + DA amount: 122)',
        'Deduction Amount': 2900
      },
      {
        'Deduction Name': 'PT (Basic Pay: 222393 is above 66666)',
        'Deduction Amount': 120
      },
      {
        'Deduction Name': 'ESIC (Basic Pay: 222393 * 0.0175)',
        'Deduction Amount': 550
      }
    ]
  },
  level: 'info',
  message: 'Calculated Net Pay',
  timestamp: '29/4/2024, 6:47:30 pm'
}
{
  data: {
    'Employee ID': 'EMP912e40',
    Name: 'Raul Durgan',
    'Gross Pay': 157744,
    'Leave Days': 0,
    'Non billable hours': '208 hr',
    'Present Days': 0,
    'LWP Days': 26,
    'Last month LWP deduction': '0 (LWP days last month : 0 * 8 * Salary per hour : 758.3846153846154)',
    'Salary Deducted': 157744,
    'Net Pay': 0,
    'Basic Pay': 157134,
    'Grade Pay': 43,
    Allowances: [
      { 'Allowance Name': 'DA', 'Allowance Amount': 122 },
      { 'Allowance Name': 'HRA', 'Allowance Amount': 122 },
      { 'Allowance Name': 'DP(A)', 'Allowance Amount': 122 },
      { 'Allowance Name': 'IR(A)', 'Allowance Amount': 122 },
      { 'Allowance Name': 'SP(A)', 'Allowance Amount': 122 }
    ],
    Deductions: [
      { 'Deduction Name': 'GPF', 'Deduction Amount': 500 },
      {
        'Deduction Name': 'EPF (12% of Basic Pay: 157134 + DA amount: 122)',
        'Deduction Amount': 2900
      },
      {
        'Deduction Name': 'PT (Basic Pay: 157134 is above 66666)',
        'Deduction Amount': 120
      },
      {
        'Deduction Name': 'ESIC (Basic Pay: 157134 * 0.0175)',
        'Deduction Amount': 550
      }
    ]
  },
  level: 'info',
  message: 'Calculated Net Pay',
  timestamp: '29/4/2024, 6:47:30 pm'
}
{
  data: {
    'Employee ID': 'EMP912e43',
    Name: 'Dustin Muller PhD',
    'Gross Pay': 147595,
    'Leave Days': 0,
    'Non billable hours': '0 hr',
    'Present Days': 27,
    'LWP Days': 0,
    'Last month LWP deduction': '0 (LWP days last month : 0 * 8 * Salary per hour : 709.5913461538462)',
    'Salary Deducted': 0,
    'Net Pay': 143525,
    'Basic Pay': 146985,
    'Grade Pay': 43,
    Allowances: [
      { 'Allowance Name': 'DA', 'Allowance Amount': 122 },
      { 'Allowance Name': 'HRA', 'Allowance Amount': 122 },
      { 'Allowance Name': 'DP(A)', 'Allowance Amount': 122 },
      { 'Allowance Name': 'IR(A)', 'Allowance Amount': 122 },
      { 'Allowance Name': 'SP(A)', 'Allowance Amount': 122 }
    ],
    Deductions: [
      { 'Deduction Name': 'GPF', 'Deduction Amount': 500 },
      {
        'Deduction Name': 'EPF (12% of Basic Pay: 146985 + DA amount: 122)',
        'Deduction Amount': 2900
      },
      {
        'Deduction Name': 'PT (Basic Pay: 146985 is above 66666)',
        'Deduction Amount': 120
      },
      {
        'Deduction Name': 'ESIC (Basic Pay: 146985 * 0.0175)',
        'Deduction Amount': 550
      }
    ]
  },
  level: 'info',
  message: 'Calculated Net Pay',
  timestamp: '29/4/2024, 6:47:30 pm'
}
{
  data: {
    'Employee ID': 'EMP912e45',
    Name: 'Mr. Nicholas Strosin',
    'Gross Pay': 279130,
    'Leave Days': 0,
    'Non billable hours': '208 hr',
    'Present Days': 0,
    'LWP Days': 26,
    'Last month LWP deduction': '0 (LWP days last month : 0 * 8 * Salary per hour : 1341.9711538461538)',
    'Salary Deducted': 279130,
    'Net Pay': 0,
    'Basic Pay': 278520,
    'Grade Pay': 43,
    Allowances: [
      { 'Allowance Name': 'DA', 'Allowance Amount': 122 },
      { 'Allowance Name': 'HRA', 'Allowance Amount': 122 },
      { 'Allowance Name': 'DP(A)', 'Allowance Amount': 122 },
      { 'Allowance Name': 'IR(A)', 'Allowance Amount': 122 },
      { 'Allowance Name': 'SP(A)', 'Allowance Amount': 122 }
    ],
    Deductions: [
      { 'Deduction Name': 'GPF', 'Deduction Amount': 500 },
      {
        'Deduction Name': 'EPF (12% of Basic Pay: 278520 + DA amount: 122)',
        'Deduction Amount': 2900
      },
      {
        'Deduction Name': 'PT (Basic Pay: 278520 is above 66666)',
        'Deduction Amount': 120
      },
      {
        'Deduction Name': 'ESIC (Basic Pay: 278520 * 0.0175)',
        'Deduction Amount': 550
      }
    ]
  },
  level: 'info',
  message: 'Calculated Net Pay',
  timestamp: '29/4/2024, 6:47:30 pm'
}
{
  data: {
    'Employee ID': 'EMP912e46',
    Name: 'Marlene Turner',
    'Gross Pay': 82005,
    'Leave Days': 0,
    'Non billable hours': '208 hr',
    'Present Days': 0,
    'LWP Days': 26,
    'Last month LWP deduction': '0 (LWP days last month : 0 * 8 * Salary per hour : 394.2548076923077)',
    'Salary Deducted': 82005,
    'Net Pay': 0,
    'Basic Pay': 81395,
    'Grade Pay': 43,
    Allowances: [
      { 'Allowance Name': 'DA', 'Allowance Amount': 122 },
      { 'Allowance Name': 'HRA', 'Allowance Amount': 122 },
      { 'Allowance Name': 'DP(A)', 'Allowance Amount': 122 },
      { 'Allowance Name': 'IR(A)', 'Allowance Amount': 122 },
      { 'Allowance Name': 'SP(A)', 'Allowance Amount': 122 }
    ],
    Deductions: [
      { 'Deduction Name': 'GPF', 'Deduction Amount': 500 },
      {
        'Deduction Name': 'EPF (12% of Basic Pay: 81395 + DA amount: 122)',
        'Deduction Amount': 2900
      },
      {
        'Deduction Name': 'PT (Basic Pay: 81395 is above 66666)',
        'Deduction Amount': 120
      },
      {
        'Deduction Name': 'ESIC (Basic Pay: 81395 * 0.0175)',
        'Deduction Amount': 550
      }
    ]
  },
  level: 'info',
  message: 'Calculated Net Pay',
  timestamp: '29/4/2024, 6:47:30 pm'
}
{
  data: {
    'Employee ID': 'EMP912e423',
    Name: 'JAGANNATH MUKHI',
    'Gross Pay': 249445,
    'Leave Days': 0,
    'Non billable hours': '0 hr',
    'Present Days': 27,
    'LWP Days': 0,
    'Last month LWP deduction': '0 (LWP days last month : 0 * 8 * Salary per hour : 1154.837962962963)',
    'Salary Deducted': 0,
    'Net Pay': 245375,
    'Basic Pay': 248835,
    'Grade Pay': 2800,
    Allowances: [
      { 'Allowance Name': 'DA', 'Allowance Amount': 122 },
      { 'Allowance Name': 'HRA', 'Allowance Amount': 122 },
      { 'Allowance Name': 'DP(A)', 'Allowance Amount': 122 },
      { 'Allowance Name': 'IR(A)', 'Allowance Amount': 122 },
      { 'Allowance Name': 'SP(A)', 'Allowance Amount': 122 }
    ],
    Deductions: [
      { 'Deduction Name': 'GPF', 'Deduction Amount': 500 },
      {
        'Deduction Name': 'EPF (12% of Basic Pay: 248835 + DA amount: 122)',
        'Deduction Amount': 2900
      },
      {
        'Deduction Name': 'PT (Basic Pay: 248835 is above 66666)',
        'Deduction Amount': 120
      },
      {
        'Deduction Name': 'ESIC (Basic Pay: 248835 * 0.0175)',
        'Deduction Amount': 550
      }
    ]
  },
  level: 'info',
  message: 'Calculated Net Pay',
  timestamp: '3/5/2024, 1:09:55 pm'
}
{
  data: {
    'Employee ID': 'EMP912e40',
    Name: 'BINEET KUMAR',
    'Gross Pay': 24625,
    'Leave Days': 0,
    'Non billable hours': '0 hr',
    'Present Days': 27,
    'LWP Days': 0,
    'Last month LWP deduction': '0 (LWP days last month : 0 * 8 * Salary per hour : 114.00462962962963)',
    'Salary Deducted': 0,
    'Net Pay': 20555,
    'Basic Pay': 24015,
    'Grade Pay': 2623,
    Allowances: [
      { 'Allowance Name': 'DA', 'Allowance Amount': 122 },
      { 'Allowance Name': 'HRA', 'Allowance Amount': 122 },
      { 'Allowance Name': 'DP(A)', 'Allowance Amount': 122 },
      { 'Allowance Name': 'IR(A)', 'Allowance Amount': 122 },
      { 'Allowance Name': 'SP(A)', 'Allowance Amount': 122 }
    ],
    Deductions: [
      { 'Deduction Name': 'GPF', 'Deduction Amount': 500 },
      {
        'Deduction Name': 'EPF (12% of Basic Pay: 24015 + DA amount: 122)',
        'Deduction Amount': 2900
      },
      {
        'Deduction Name': 'PT (Basic Pay: 24015 is less than 25000)',
        'Deduction Amount': 120
      },
      {
        'Deduction Name': 'ESIC (Basic Pay: 24015 * 0.0175)',
        'Deduction Amount': 550
      }
    ]
  },
  level: 'info',
  message: 'Calculated Net Pay',
  timestamp: '3/5/2024, 1:09:55 pm'
}
{
  data: {
    'Employee ID': 'EMP912e47',
    Name: 'DINESH PRASAD VERMA',
    'Gross Pay': 132799,
    'Leave Days': 0,
    'Non billable hours': '0 hr',
    'Present Days': 27,
    'LWP Days': 0,
    'Last month LWP deduction': '0 (LWP days last month : 0 * 8 * Salary per hour : 614.8101851851852)',
    'Salary Deducted': 0,
    'Net Pay': 128729,
    'Basic Pay': 132189,
    'Grade Pay': 1038,
    Allowances: [
      { 'Allowance Name': 'DA', 'Allowance Amount': 122 },
      { 'Allowance Name': 'HRA', 'Allowance Amount': 122 },
      { 'Allowance Name': 'DP(A)', 'Allowance Amount': 122 },
      { 'Allowance Name': 'IR(A)', 'Allowance Amount': 122 },
      { 'Allowance Name': 'SP(A)', 'Allowance Amount': 122 }
    ],
    Deductions: [
      { 'Deduction Name': 'GPF', 'Deduction Amount': 500 },
      {
        'Deduction Name': 'EPF (12% of Basic Pay: 132189 + DA amount: 122)',
        'Deduction Amount': 2900
      },
      {
        'Deduction Name': 'PT (Basic Pay: 132189 is above 66666)',
        'Deduction Amount': 120
      },
      {
        'Deduction Name': 'ESIC (Basic Pay: 132189 * 0.0175)',
        'Deduction Amount': 550
      }
    ]
  },
  level: 'info',
  message: 'Calculated Net Pay',
  timestamp: '3/5/2024, 1:09:55 pm'
}
{
  data: {
    'Employee ID': 'EMP912e424',
    Name: 'RAJENDRA MUKHI',
    'Gross Pay': 71180,
    'Leave Days': 0,
    'Non billable hours': '0 hr',
    'Present Days': 27,
    'LWP Days': 0,
    'Last month LWP deduction': '0 (LWP days last month : 0 * 8 * Salary per hour : 329.537037037037)',
    'Salary Deducted': 0,
    'Net Pay': 67110,
    'Basic Pay': 70570,
    'Grade Pay': 1541,
    Allowances: [
      { 'Allowance Name': 'DA', 'Allowance Amount': 122 },
      { 'Allowance Name': 'HRA', 'Allowance Amount': 122 },
      { 'Allowance Name': 'DP(A)', 'Allowance Amount': 122 },
      { 'Allowance Name': 'IR(A)', 'Allowance Amount': 122 },
      { 'Allowance Name': 'SP(A)', 'Allowance Amount': 122 }
    ],
    Deductions: [
      { 'Deduction Name': 'GPF', 'Deduction Amount': 500 },
      {
        'Deduction Name': 'EPF (12% of Basic Pay: 70570 + DA amount: 122)',
        'Deduction Amount': 2900
      },
      {
        'Deduction Name': 'PT (Basic Pay: 70570 is above 66666)',
        'Deduction Amount': 120
      },
      {
        'Deduction Name': 'ESIC (Basic Pay: 70570 * 0.0175)',
        'Deduction Amount': 550
      }
    ]
  },
  level: 'info',
  message: 'Calculated Net Pay',
  timestamp: '3/5/2024, 1:09:55 pm'
}
{
  data: {
    'Employee ID': 'EMP912e46',
    Name: 'MANGAL CHANDRA MARDY',
    'Gross Pay': 114057,
    'Leave Days': 0,
    'Non billable hours': '0 hr',
    'Present Days': 27,
    'LWP Days': 0,
    'Last month LWP deduction': '0 (LWP days last month : 0 * 8 * Salary per hour : 528.0416666666666)',
    'Salary Deducted': 0,
    'Net Pay': 109987,
    'Basic Pay': 113447,
    'Grade Pay': 2265,
    Allowances: [
      { 'Allowance Name': 'DA', 'Allowance Amount': 122 },
      { 'Allowance Name': 'HRA', 'Allowance Amount': 122 },
      { 'Allowance Name': 'DP(A)', 'Allowance Amount': 122 },
      { 'Allowance Name': 'IR(A)', 'Allowance Amount': 122 },
      { 'Allowance Name': 'SP(A)', 'Allowance Amount': 122 }
    ],
    Deductions: [
      { 'Deduction Name': 'GPF', 'Deduction Amount': 500 },
      {
        'Deduction Name': 'EPF (12% of Basic Pay: 113447 + DA amount: 122)',
        'Deduction Amount': 2900
      },
      {
        'Deduction Name': 'PT (Basic Pay: 113447 is above 66666)',
        'Deduction Amount': 120
      },
      {
        'Deduction Name': 'ESIC (Basic Pay: 113447 * 0.0175)',
        'Deduction Amount': 550
      }
    ]
  },
  level: 'info',
  message: 'Calculated Net Pay',
  timestamp: '3/5/2024, 1:09:55 pm'
}
{
  data: {
    'Employee ID': 'EMP912e412',
    Name: 'JITENDRA KUMAR',
    'Gross Pay': 169798,
    'Leave Days': 0,
    'Non billable hours': '0 hr',
    'Present Days': 27,
    'LWP Days': 0,
    'Last month LWP deduction': '0 (LWP days last month : 0 * 8 * Salary per hour : 786.1018518518518)',
    'Salary Deducted': 0,
    'Net Pay': 165728,
    'Basic Pay': 169188,
    'Grade Pay': 1606,
    Allowances: [
      { 'Allowance Name': 'DA', 'Allowance Amount': 122 },
      { 'Allowance Name': 'HRA', 'Allowance Amount': 122 },
      { 'Allowance Name': 'DP(A)', 'Allowance Amount': 122 },
      { 'Allowance Name': 'IR(A)', 'Allowance Amount': 122 },
      { 'Allowance Name': 'SP(A)', 'Allowance Amount': 122 }
    ],
    Deductions: [
      { 'Deduction Name': 'GPF', 'Deduction Amount': 500 },
      {
        'Deduction Name': 'EPF (12% of Basic Pay: 169188 + DA amount: 122)',
        'Deduction Amount': 2900
      },
      {
        'Deduction Name': 'PT (Basic Pay: 169188 is above 66666)',
        'Deduction Amount': 120
      },
      {
        'Deduction Name': 'ESIC (Basic Pay: 169188 * 0.0175)',
        'Deduction Amount': 550
      }
    ]
  },
  level: 'info',
  message: 'Calculated Net Pay',
  timestamp: '3/5/2024, 1:09:55 pm'
}
{
  data: {
    'Employee ID': 'EMP912e49',
    Name: 'REKHA PANDEY',
    'Gross Pay': 25253,
    'Leave Days': 0,
    'Non billable hours': '0 hr',
    'Present Days': 27,
    'LWP Days': 0,
    'Last month LWP deduction': '0 (LWP days last month : 0 * 8 * Salary per hour : 116.91203703703704)',
    'Salary Deducted': 0,
    'Net Pay': 21183,
    'Basic Pay': 24643,
    'Grade Pay': 1962,
    Allowances: [
      { 'Allowance Name': 'DA', 'Allowance Amount': 122 },
      { 'Allowance Name': 'HRA', 'Allowance Amount': 122 },
      { 'Allowance Name': 'DP(A)', 'Allowance Amount': 122 },
      { 'Allowance Name': 'IR(A)', 'Allowance Amount': 122 },
      { 'Allowance Name': 'SP(A)', 'Allowance Amount': 122 }
    ],
    Deductions: [
      { 'Deduction Name': 'GPF', 'Deduction Amount': 500 },
      {
        'Deduction Name': 'EPF (12% of Basic Pay: 24643 + DA amount: 122)',
        'Deduction Amount': 2900
      },
      {
        'Deduction Name': 'PT (Basic Pay: 24643 is less than 25000)',
        'Deduction Amount': 120
      },
      {
        'Deduction Name': 'ESIC (Basic Pay: 24643 * 0.0175)',
        'Deduction Amount': 550
      }
    ]
  },
  level: 'info',
  message: 'Calculated Net Pay',
  timestamp: '3/5/2024, 1:09:55 pm'
}
{
  data: {
    'Employee ID': 'EMP912e414',
    Name: 'RAHUL KUMAR',
    'Gross Pay': 169771,
    'Leave Days': 0,
    'Non billable hours': '0 hr',
    'Present Days': 27,
    'LWP Days': 0,
    'Last month LWP deduction': '0 (LWP days last month : 0 * 8 * Salary per hour : 785.9768518518518)',
    'Salary Deducted': 0,
    'Net Pay': 165701,
    'Basic Pay': 169161,
    'Grade Pay': 2865,
    Allowances: [
      { 'Allowance Name': 'DA', 'Allowance Amount': 122 },
      { 'Allowance Name': 'HRA', 'Allowance Amount': 122 },
      { 'Allowance Name': 'DP(A)', 'Allowance Amount': 122 },
      { 'Allowance Name': 'IR(A)', 'Allowance Amount': 122 },
      { 'Allowance Name': 'SP(A)', 'Allowance Amount': 122 }
    ],
    Deductions: [
      { 'Deduction Name': 'GPF', 'Deduction Amount': 500 },
      {
        'Deduction Name': 'EPF (12% of Basic Pay: 169161 + DA amount: 122)',
        'Deduction Amount': 2900
      },
      {
        'Deduction Name': 'PT (Basic Pay: 169161 is above 66666)',
        'Deduction Amount': 120
      },
      {
        'Deduction Name': 'ESIC (Basic Pay: 169161 * 0.0175)',
        'Deduction Amount': 550
      }
    ]
  },
  level: 'info',
  message: 'Calculated Net Pay',
  timestamp: '3/5/2024, 1:09:55 pm'
}
{
  data: {
    'Employee ID': 'EMP912e41',
    Name: 'AJAY KUMAR',
    'Gross Pay': 68427,
    'Leave Days': 0,
    'Non billable hours': '0 hr',
    'Present Days': 27,
    'LWP Days': 0,
    'Last month LWP deduction': '0 (LWP days last month : 0 * 8 * Salary per hour : 316.7916666666667)',
    'Salary Deducted': 0,
    'Net Pay': 64357,
    'Basic Pay': 67817,
    'Grade Pay': 1681,
    Allowances: [
      { 'Allowance Name': 'DA', 'Allowance Amount': 122 },
      { 'Allowance Name': 'HRA', 'Allowance Amount': 122 },
      { 'Allowance Name': 'DP(A)', 'Allowance Amount': 122 },
      { 'Allowance Name': 'IR(A)', 'Allowance Amount': 122 },
      { 'Allowance Name': 'SP(A)', 'Allowance Amount': 122 }
    ],
    Deductions: [
      { 'Deduction Name': 'GPF', 'Deduction Amount': 500 },
      {
        'Deduction Name': 'EPF (12% of Basic Pay: 67817 + DA amount: 122)',
        'Deduction Amount': 2900
      },
      {
        'Deduction Name': 'PT (Basic Pay: 67817 is above 66666)',
        'Deduction Amount': 120
      },
      {
        'Deduction Name': 'ESIC (Basic Pay: 67817 * 0.0175)',
        'Deduction Amount': 550
      }
    ]
  },
  level: 'info',
  message: 'Calculated Net Pay',
  timestamp: '3/5/2024, 1:09:55 pm'
}
{
  data: {
    'Employee ID': 'EMP912e413',
    Name: 'MD.MAHFOOJ ALAM',
    'Gross Pay': 226504,
    'Leave Days': 0,
    'Non billable hours': '0 hr',
    'Present Days': 27,
    'LWP Days': 0,
    'Last month LWP deduction': '0 (LWP days last month : 0 * 8 * Salary per hour : 1048.6296296296296)',
    'Salary Deducted': 0,
    'Net Pay': 222434,
    'Basic Pay': 225894,
    'Grade Pay': 1164,
    Allowances: [
      { 'Allowance Name': 'DA', 'Allowance Amount': 122 },
      { 'Allowance Name': 'HRA', 'Allowance Amount': 122 },
      { 'Allowance Name': 'DP(A)', 'Allowance Amount': 122 },
      { 'Allowance Name': 'IR(A)', 'Allowance Amount': 122 },
      { 'Allowance Name': 'SP(A)', 'Allowance Amount': 122 }
    ],
    Deductions: [
      { 'Deduction Name': 'GPF', 'Deduction Amount': 500 },
      {
        'Deduction Name': 'EPF (12% of Basic Pay: 225894 + DA amount: 122)',
        'Deduction Amount': 2900
      },
      {
        'Deduction Name': 'PT (Basic Pay: 225894 is above 66666)',
        'Deduction Amount': 120
      },
      {
        'Deduction Name': 'ESIC (Basic Pay: 225894 * 0.0175)',
        'Deduction Amount': 550
      }
    ]
  },
  level: 'info',
  message: 'Calculated Net Pay',
  timestamp: '3/5/2024, 1:09:55 pm'
}
{
  data: {
    'Employee ID': 'EMP912e416',
    Name: 'SHAFIUR RAHMAN',
    'Gross Pay': 131585,
    'Leave Days': 0,
    'Non billable hours': '0 hr',
    'Present Days': 27,
    'LWP Days': 0,
    'Last month LWP deduction': '0 (LWP days last month : 0 * 8 * Salary per hour : 609.1898148148148)',
    'Salary Deducted': 0,
    'Net Pay': 127515,
    'Basic Pay': 130975,
    'Grade Pay': 2418,
    Allowances: [
      { 'Allowance Name': 'DA', 'Allowance Amount': 122 },
      { 'Allowance Name': 'HRA', 'Allowance Amount': 122 },
      { 'Allowance Name': 'DP(A)', 'Allowance Amount': 122 },
      { 'Allowance Name': 'IR(A)', 'Allowance Amount': 122 },
      { 'Allowance Name': 'SP(A)', 'Allowance Amount': 122 }
    ],
    Deductions: [
      { 'Deduction Name': 'GPF', 'Deduction Amount': 500 },
      {
        'Deduction Name': 'EPF (12% of Basic Pay: 130975 + DA amount: 122)',
        'Deduction Amount': 2900
      },
      {
        'Deduction Name': 'PT (Basic Pay: 130975 is above 66666)',
        'Deduction Amount': 120
      },
      {
        'Deduction Name': 'ESIC (Basic Pay: 130975 * 0.0175)',
        'Deduction Amount': 550
      }
    ]
  },
  level: 'info',
  message: 'Calculated Net Pay',
  timestamp: '3/5/2024, 1:09:55 pm'
}
{
  data: {
    'Employee ID': 'EMP912e418',
    Name: 'RAMESH KUMAR',
    'Gross Pay': 252454,
    'Leave Days': 0,
    'Non billable hours': '0 hr',
    'Present Days': 27,
    'LWP Days': 0,
    'Last month LWP deduction': '0 (LWP days last month : 0 * 8 * Salary per hour : 1168.7685185185185)',
    'Salary Deducted': 0,
    'Net Pay': 248384,
    'Basic Pay': 251844,
    'Grade Pay': 1695,
    Allowances: [
      { 'Allowance Name': 'DA', 'Allowance Amount': 122 },
      { 'Allowance Name': 'HRA', 'Allowance Amount': 122 },
      { 'Allowance Name': 'DP(A)', 'Allowance Amount': 122 },
      { 'Allowance Name': 'IR(A)', 'Allowance Amount': 122 },
      { 'Allowance Name': 'SP(A)', 'Allowance Amount': 122 }
    ],
    Deductions: [
      { 'Deduction Name': 'GPF', 'Deduction Amount': 500 },
      {
        'Deduction Name': 'EPF (12% of Basic Pay: 251844 + DA amount: 122)',
        'Deduction Amount': 2900
      },
      {
        'Deduction Name': 'PT (Basic Pay: 251844 is above 66666)',
        'Deduction Amount': 120
      },
      {
        'Deduction Name': 'ESIC (Basic Pay: 251844 * 0.0175)',
        'Deduction Amount': 550
      }
    ]
  },
  level: 'info',
  message: 'Calculated Net Pay',
  timestamp: '3/5/2024, 1:09:55 pm'
}
{
  data: {
    'Employee ID': 'EMP912e410',
    Name: 'Anurag Mirash Toppo',
    'Gross Pay': 145818,
    'Leave Days': 0,
    'Non billable hours': '0 hr',
    'Present Days': 27,
    'LWP Days': 0,
    'Last month LWP deduction': '0 (LWP days last month : 0 * 8 * Salary per hour : 675.0833333333334)',
    'Salary Deducted': 0,
    'Net Pay': 141748,
    'Basic Pay': 145208,
    'Grade Pay': 1902,
    Allowances: [
      { 'Allowance Name': 'DA', 'Allowance Amount': 122 },
      { 'Allowance Name': 'HRA', 'Allowance Amount': 122 },
      { 'Allowance Name': 'DP(A)', 'Allowance Amount': 122 },
      { 'Allowance Name': 'IR(A)', 'Allowance Amount': 122 },
      { 'Allowance Name': 'SP(A)', 'Allowance Amount': 122 }
    ],
    Deductions: [
      { 'Deduction Name': 'GPF', 'Deduction Amount': 500 },
      {
        'Deduction Name': 'EPF (12% of Basic Pay: 145208 + DA amount: 122)',
        'Deduction Amount': 2900
      },
      {
        'Deduction Name': 'PT (Basic Pay: 145208 is above 66666)',
        'Deduction Amount': 120
      },
      {
        'Deduction Name': 'ESIC (Basic Pay: 145208 * 0.0175)',
        'Deduction Amount': 550
      }
    ]
  },
  level: 'info',
  message: 'Calculated Net Pay',
  timestamp: '3/5/2024, 1:09:55 pm'
}
{
  data: {
    'Employee ID': 'EMP912e44',
    Name: 'DAVID ORIYA',
    'Gross Pay': 164444,
    'Leave Days': 0,
    'Non billable hours': '0 hr',
    'Present Days': 27,
    'LWP Days': 0,
    'Last month LWP deduction': '0 (LWP days last month : 0 * 8 * Salary per hour : 761.3148148148148)',
    'Salary Deducted': 0,
    'Net Pay': 160374,
    'Basic Pay': 163834,
    'Grade Pay': 2952,
    Allowances: [
      { 'Allowance Name': 'DA', 'Allowance Amount': 122 },
      { 'Allowance Name': 'HRA', 'Allowance Amount': 122 },
      { 'Allowance Name': 'DP(A)', 'Allowance Amount': 122 },
      { 'Allowance Name': 'IR(A)', 'Allowance Amount': 122 },
      { 'Allowance Name': 'SP(A)', 'Allowance Amount': 122 }
    ],
    Deductions: [
      { 'Deduction Name': 'GPF', 'Deduction Amount': 500 },
      {
        'Deduction Name': 'EPF (12% of Basic Pay: 163834 + DA amount: 122)',
        'Deduction Amount': 2900
      },
      {
        'Deduction Name': 'PT (Basic Pay: 163834 is above 66666)',
        'Deduction Amount': 120
      },
      {
        'Deduction Name': 'ESIC (Basic Pay: 163834 * 0.0175)',
        'Deduction Amount': 550
      }
    ]
  },
  level: 'info',
  message: 'Calculated Net Pay',
  timestamp: '3/5/2024, 1:09:55 pm'
}
{
  data: {
    'Employee ID': 'EMP912e417',
    Name: 'KUMARI LALITA MAHATO',
    'Gross Pay': 263328,
    'Leave Days': 0,
    'Non billable hours': '0 hr',
    'Present Days': 27,
    'LWP Days': 0,
    'Last month LWP deduction': '0 (LWP days last month : 0 * 8 * Salary per hour : 1219.111111111111)',
    'Salary Deducted': 0,
    'Net Pay': 259258,
    'Basic Pay': 262718,
    'Grade Pay': 2933,
    Allowances: [
      { 'Allowance Name': 'DA', 'Allowance Amount': 122 },
      { 'Allowance Name': 'HRA', 'Allowance Amount': 122 },
      { 'Allowance Name': 'DP(A)', 'Allowance Amount': 122 },
      { 'Allowance Name': 'IR(A)', 'Allowance Amount': 122 },
      { 'Allowance Name': 'SP(A)', 'Allowance Amount': 122 }
    ],
    Deductions: [
      { 'Deduction Name': 'GPF', 'Deduction Amount': 500 },
      {
        'Deduction Name': 'EPF (12% of Basic Pay: 262718 + DA amount: 122)',
        'Deduction Amount': 2900
      },
      {
        'Deduction Name': 'PT (Basic Pay: 262718 is above 66666)',
        'Deduction Amount': 120
      },
      {
        'Deduction Name': 'ESIC (Basic Pay: 262718 * 0.0175)',
        'Deduction Amount': 550
      }
    ]
  },
  level: 'info',
  message: 'Calculated Net Pay',
  timestamp: '3/5/2024, 1:09:55 pm'
}
{
  data: {
    'Employee ID': 'EMP912e42',
    Name: 'BIJAY KUMAR MAHATO',
    'Gross Pay': 280198,
    'Leave Days': 0,
    'Non billable hours': '0 hr',
    'Present Days': 27,
    'LWP Days': 0,
    'Last month LWP deduction': '0 (LWP days last month : 0 * 8 * Salary per hour : 1297.212962962963)',
    'Salary Deducted': 0,
    'Net Pay': 276128,
    'Basic Pay': 279588,
    'Grade Pay': 2621,
    Allowances: [
      { 'Allowance Name': 'DA', 'Allowance Amount': 122 },
      { 'Allowance Name': 'HRA', 'Allowance Amount': 122 },
      { 'Allowance Name': 'DP(A)', 'Allowance Amount': 122 },
      { 'Allowance Name': 'IR(A)', 'Allowance Amount': 122 },
      { 'Allowance Name': 'SP(A)', 'Allowance Amount': 122 }
    ],
    Deductions: [
      { 'Deduction Name': 'GPF', 'Deduction Amount': 500 },
      {
        'Deduction Name': 'EPF (12% of Basic Pay: 279588 + DA amount: 122)',
        'Deduction Amount': 2900
      },
      {
        'Deduction Name': 'PT (Basic Pay: 279588 is above 66666)',
        'Deduction Amount': 120
      },
      {
        'Deduction Name': 'ESIC (Basic Pay: 279588 * 0.0175)',
        'Deduction Amount': 550
      }
    ]
  },
  level: 'info',
  message: 'Calculated Net Pay',
  timestamp: '3/5/2024, 1:09:55 pm'
}
{
  data: {
    'Employee ID': 'EMP912e415',
    Name: 'ROHIT RAHUL SAMAD',
    'Gross Pay': 58940,
    'Leave Days': 0,
    'Non billable hours': '0 hr',
    'Present Days': 27,
    'LWP Days': 0,
    'Last month LWP deduction': '0 (LWP days last month : 0 * 8 * Salary per hour : 272.8703703703704)',
    'Salary Deducted': 0,
    'Net Pay': 54870,
    'Basic Pay': 58330,
    'Grade Pay': 2157,
    Allowances: [
      { 'Allowance Name': 'DA', 'Allowance Amount': 122 },
      { 'Allowance Name': 'HRA', 'Allowance Amount': 122 },
      { 'Allowance Name': 'DP(A)', 'Allowance Amount': 122 },
      { 'Allowance Name': 'IR(A)', 'Allowance Amount': 122 },
      { 'Allowance Name': 'SP(A)', 'Allowance Amount': 122 }
    ],
    Deductions: [
      { 'Deduction Name': 'GPF', 'Deduction Amount': 500 },
      {
        'Deduction Name': 'EPF (12% of Basic Pay: 58330 + DA amount: 122)',
        'Deduction Amount': 2900
      },
      {
        'Deduction Name': 'PT (Basic Pay: 58330 is between 41667 and 66666)',
        'Deduction Amount': 120
      },
      {
        'Deduction Name': 'ESIC (Basic Pay: 58330 * 0.0175)',
        'Deduction Amount': 550
      }
    ]
  },
  level: 'info',
  message: 'Calculated Net Pay',
  timestamp: '3/5/2024, 1:09:55 pm'
}
{
  data: {
    'Employee ID': 'EMP912e419',
    Name: 'ANANJAY KUMAR',
    'Gross Pay': 166909,
    'Leave Days': 0,
    'Non billable hours': '0 hr',
    'Present Days': 27,
    'LWP Days': 0,
    'Last month LWP deduction': '0 (LWP days last month : 0 * 8 * Salary per hour : 772.7268518518518)',
    'Salary Deducted': 0,
    'Net Pay': 162839,
    'Basic Pay': 166299,
    'Grade Pay': 2540,
    Allowances: [
      { 'Allowance Name': 'DA', 'Allowance Amount': 122 },
      { 'Allowance Name': 'HRA', 'Allowance Amount': 122 },
      { 'Allowance Name': 'DP(A)', 'Allowance Amount': 122 },
      { 'Allowance Name': 'IR(A)', 'Allowance Amount': 122 },
      { 'Allowance Name': 'SP(A)', 'Allowance Amount': 122 }
    ],
    Deductions: [
      { 'Deduction Name': 'GPF', 'Deduction Amount': 500 },
      {
        'Deduction Name': 'EPF (12% of Basic Pay: 166299 + DA amount: 122)',
        'Deduction Amount': 2900
      },
      {
        'Deduction Name': 'PT (Basic Pay: 166299 is above 66666)',
        'Deduction Amount': 120
      },
      {
        'Deduction Name': 'ESIC (Basic Pay: 166299 * 0.0175)',
        'Deduction Amount': 550
      }
    ]
  },
  level: 'info',
  message: 'Calculated Net Pay',
  timestamp: '3/5/2024, 1:09:55 pm'
}
{
  data: {
    'Employee ID': 'EMP912e45',
    Name: 'UPENDRA THAKUR',
    'Gross Pay': 110168,
    'Leave Days': 0,
    'Non billable hours': '0 hr',
    'Present Days': 27,
    'LWP Days': 0,
    'Last month LWP deduction': '0 (LWP days last month : 0 * 8 * Salary per hour : 510.037037037037)',
    'Salary Deducted': 0,
    'Net Pay': 106098,
    'Basic Pay': 109558,
    'Grade Pay': 2127,
    Allowances: [
      { 'Allowance Name': 'DA', 'Allowance Amount': 122 },
      { 'Allowance Name': 'HRA', 'Allowance Amount': 122 },
      { 'Allowance Name': 'DP(A)', 'Allowance Amount': 122 },
      { 'Allowance Name': 'IR(A)', 'Allowance Amount': 122 },
      { 'Allowance Name': 'SP(A)', 'Allowance Amount': 122 }
    ],
    Deductions: [
      { 'Deduction Name': 'GPF', 'Deduction Amount': 500 },
      {
        'Deduction Name': 'EPF (12% of Basic Pay: 109558 + DA amount: 122)',
        'Deduction Amount': 2900
      },
      {
        'Deduction Name': 'PT (Basic Pay: 109558 is above 66666)',
        'Deduction Amount': 120
      },
      {
        'Deduction Name': 'ESIC (Basic Pay: 109558 * 0.0175)',
        'Deduction Amount': 550
      }
    ]
  },
  level: 'info',
  message: 'Calculated Net Pay',
  timestamp: '3/5/2024, 1:09:55 pm'
}
{
  data: {
    'Employee ID': 'EMPc5d7c2',
    Name: 'werwer  werewr',
    'Gross Pay': 26236564.64,
    'Leave Days': 0,
    'Non billable hours': '216 hr',
    'Present Days': 0,
    'LWP Days': 27,
    'Last month LWP deduction': '0 (LWP days last month : 0 * 8 * Salary per hour : 121465.57703703704)',
    'Salary Deducted': 26236564,
    'Net Pay': 0,
    'Basic Pay': 23423422,
    'Grade Pay': 32432432,
    Allowances: [
      { 'Allowance Name': 'DA', 'Allowance Amount': 2810810.64 },
      { 'Allowance Name': 'HRA', 'Allowance Amount': 2332 }
    ],
    Deductions: [
      { 'Deduction Name': 'GPF', 'Deduction Amount': 234432 },
      {
        'Deduction Name': 'EPF (12% of Basic Pay: 23423422 + DA amount: 2810810.64)',
        'Deduction Amount': 3148108
      }
    ]
  },
  level: 'info',
  message: 'Calculated Net Pay',
  timestamp: '3/5/2024, 1:09:55 pm'
}
{
  data: {
    'Employee ID': 'EMP912e422',
    Name: 'DINESH MUKHI',
    'Gross Pay': 43001,
    'Leave Days': 0,
    'Non billable hours': '0 hr',
    'Present Days': 27,
    'LWP Days': 0,
    'Last month LWP deduction': '0 (LWP days last month : 0 * 8 * Salary per hour : 199.0787037037037)',
    'Salary Deducted': 0,
    'Net Pay': 38931,
    'Basic Pay': 42391,
    'Grade Pay': 1721,
    Allowances: [
      { 'Allowance Name': 'DA', 'Allowance Amount': 122 },
      { 'Allowance Name': 'HRA', 'Allowance Amount': 122 },
      { 'Allowance Name': 'DP(A)', 'Allowance Amount': 122 },
      { 'Allowance Name': 'IR(A)', 'Allowance Amount': 122 },
      { 'Allowance Name': 'SP(A)', 'Allowance Amount': 122 }
    ],
    Deductions: [
      { 'Deduction Name': 'GPF', 'Deduction Amount': 500 },
      {
        'Deduction Name': 'EPF (12% of Basic Pay: 42391 + DA amount: 122)',
        'Deduction Amount': 2900
      },
      {
        'Deduction Name': 'PT (Basic Pay: 42391 is between 41667 and 66666)',
        'Deduction Amount': 120
      },
      {
        'Deduction Name': 'ESIC (Basic Pay: 42391 * 0.0175)',
        'Deduction Amount': 550
      }
    ]
  },
  level: 'info',
  message: 'Calculated Net Pay',
  timestamp: '3/5/2024, 1:09:55 pm'
}
{
  data: {
    'Employee ID': 'EMP912e421',
    Name: 'ARUN HARIJAN',
    'Gross Pay': 133281,
    'Leave Days': 0,
    'Non billable hours': '0 hr',
    'Present Days': 27,
    'LWP Days': 0,
    'Last month LWP deduction': '0 (LWP days last month : 0 * 8 * Salary per hour : 617.0416666666666)',
    'Salary Deducted': 0,
    'Net Pay': 129211,
    'Basic Pay': 132671,
    'Grade Pay': 1584,
    Allowances: [
      { 'Allowance Name': 'DA', 'Allowance Amount': 122 },
      { 'Allowance Name': 'HRA', 'Allowance Amount': 122 },
      { 'Allowance Name': 'DP(A)', 'Allowance Amount': 122 },
      { 'Allowance Name': 'IR(A)', 'Allowance Amount': 122 },
      { 'Allowance Name': 'SP(A)', 'Allowance Amount': 122 }
    ],
    Deductions: [
      { 'Deduction Name': 'GPF', 'Deduction Amount': 500 },
      {
        'Deduction Name': 'EPF (12% of Basic Pay: 132671 + DA amount: 122)',
        'Deduction Amount': 2900
      },
      {
        'Deduction Name': 'PT (Basic Pay: 132671 is above 66666)',
        'Deduction Amount': 120
      },
      {
        'Deduction Name': 'ESIC (Basic Pay: 132671 * 0.0175)',
        'Deduction Amount': 550
      }
    ]
  },
  level: 'info',
  message: 'Calculated Net Pay',
  timestamp: '3/5/2024, 1:09:55 pm'
}
{
  data: {
    'Employee ID': 'EMP912e43',
    Name: 'KAUSHLESH KUMAR',
    'Gross Pay': 122417,
    'Leave Days': 0,
    'Non billable hours': '0 hr',
    'Present Days': 27,
    'LWP Days': 0,
    'Last month LWP deduction': '0 (LWP days last month : 0 * 8 * Salary per hour : 566.7453703703703)',
    'Salary Deducted': 0,
    'Net Pay': 118347,
    'Basic Pay': 121807,
    'Grade Pay': 1543,
    Allowances: [
      { 'Allowance Name': 'DA', 'Allowance Amount': 122 },
      { 'Allowance Name': 'HRA', 'Allowance Amount': 122 },
      { 'Allowance Name': 'DP(A)', 'Allowance Amount': 122 },
      { 'Allowance Name': 'IR(A)', 'Allowance Amount': 122 },
      { 'Allowance Name': 'SP(A)', 'Allowance Amount': 122 }
    ],
    Deductions: [
      { 'Deduction Name': 'GPF', 'Deduction Amount': 500 },
      {
        'Deduction Name': 'EPF (12% of Basic Pay: 121807 + DA amount: 122)',
        'Deduction Amount': 2900
      },
      {
        'Deduction Name': 'PT (Basic Pay: 121807 is above 66666)',
        'Deduction Amount': 120
      },
      {
        'Deduction Name': 'ESIC (Basic Pay: 121807 * 0.0175)',
        'Deduction Amount': 550
      }
    ]
  },
  level: 'info',
  message: 'Calculated Net Pay',
  timestamp: '3/5/2024, 1:09:55 pm'
}
{
  data: {
    'Employee ID': 'EMP912e420',
    Name: 'ANUP MISHRA',
    'Gross Pay': 248458,
    'Leave Days': 0,
    'Non billable hours': '0 hr',
    'Present Days': 27,
    'LWP Days': 0,
    'Last month LWP deduction': '0 (LWP days last month : 0 * 8 * Salary per hour : 1150.2685185185185)',
    'Salary Deducted': 0,
    'Net Pay': 244388,
    'Basic Pay': 247848,
    'Grade Pay': 1358,
    Allowances: [
      { 'Allowance Name': 'DA', 'Allowance Amount': 122 },
      { 'Allowance Name': 'HRA', 'Allowance Amount': 122 },
      { 'Allowance Name': 'DP(A)', 'Allowance Amount': 122 },
      { 'Allowance Name': 'IR(A)', 'Allowance Amount': 122 },
      { 'Allowance Name': 'SP(A)', 'Allowance Amount': 122 }
    ],
    Deductions: [
      { 'Deduction Name': 'GPF', 'Deduction Amount': 500 },
      {
        'Deduction Name': 'EPF (12% of Basic Pay: 247848 + DA amount: 122)',
        'Deduction Amount': 2900
      },
      {
        'Deduction Name': 'PT (Basic Pay: 247848 is above 66666)',
        'Deduction Amount': 120
      },
      {
        'Deduction Name': 'ESIC (Basic Pay: 247848 * 0.0175)',
        'Deduction Amount': 550
      }
    ]
  },
  level: 'info',
  message: 'Calculated Net Pay',
  timestamp: '3/5/2024, 1:09:55 pm'
}
{
  data: {
    'Employee ID': 'EMP912e48',
    Name: 'PURNAMI DEVI',
    'Gross Pay': 143296,
    'Leave Days': 0,
    'Non billable hours': '0 hr',
    'Present Days': 27,
    'LWP Days': 0,
    'Last month LWP deduction': '0 (LWP days last month : 0 * 8 * Salary per hour : 663.4074074074074)',
    'Salary Deducted': 0,
    'Net Pay': 139226,
    'Basic Pay': 142686,
    'Grade Pay': 2762,
    Allowances: [
      { 'Allowance Name': 'DA', 'Allowance Amount': 122 },
      { 'Allowance Name': 'HRA', 'Allowance Amount': 122 },
      { 'Allowance Name': 'DP(A)', 'Allowance Amount': 122 },
      { 'Allowance Name': 'IR(A)', 'Allowance Amount': 122 },
      { 'Allowance Name': 'SP(A)', 'Allowance Amount': 122 }
    ],
    Deductions: [
      { 'Deduction Name': 'GPF', 'Deduction Amount': 500 },
      {
        'Deduction Name': 'EPF (12% of Basic Pay: 142686 + DA amount: 122)',
        'Deduction Amount': 2900
      },
      {
        'Deduction Name': 'PT (Basic Pay: 142686 is above 66666)',
        'Deduction Amount': 120
      },
      {
        'Deduction Name': 'ESIC (Basic Pay: 142686 * 0.0175)',
        'Deduction Amount': 550
      }
    ]
  },
  level: 'info',
  message: 'Calculated Net Pay',
  timestamp: '3/5/2024, 1:09:55 pm'
}
{
  data: {
    'Employee ID': 'EMP912e411',
    Name: 'DEBASHIS PRADHAN',
    'Gross Pay': 36699,
    'Leave Days': 0,
    'Non billable hours': '0 hr',
    'Present Days': 27,
    'LWP Days': 0,
    'Last month LWP deduction': '0 (LWP days last month : 0 * 8 * Salary per hour : 169.90277777777777)',
    'Salary Deducted': 0,
    'Net Pay': 32629,
    'Basic Pay': 36089,
    'Grade Pay': 2566,
    Allowances: [
      { 'Allowance Name': 'DA', 'Allowance Amount': 122 },
      { 'Allowance Name': 'HRA', 'Allowance Amount': 122 },
      { 'Allowance Name': 'DP(A)', 'Allowance Amount': 122 },
      { 'Allowance Name': 'IR(A)', 'Allowance Amount': 122 },
      { 'Allowance Name': 'SP(A)', 'Allowance Amount': 122 }
    ],
    Deductions: [
      { 'Deduction Name': 'GPF', 'Deduction Amount': 500 },
      {
        'Deduction Name': 'EPF (12% of Basic Pay: 36089 + DA amount: 122)',
        'Deduction Amount': 2900
      },
      {
        'Deduction Name': 'PT (Basic Pay: 36089 is between 25001 and 41666)',
        'Deduction Amount': 120
      },
      {
        'Deduction Name': 'ESIC (Basic Pay: 36089 * 0.0175)',
        'Deduction Amount': 550
      }
    ]
  },
  level: 'info',
  message: 'Calculated Net Pay',
  timestamp: '3/5/2024, 1:09:55 pm'
}
